{"/Users/david/dev/check-flow-annotation/src/index.js": {"path":"/Users/david/dev/check-flow-annotation/src/index.js","statementMap":{"0":{"start":{"line":5,"column":6},"end":{"line":5,"column":0}},"1":{"start":{"line":6,"column":13},"end":{"line":6,"column":0}},"2":{"start":{"line":7,"column":6},"end":{"line":7,"column":24}},"3":{"start":{"line":8,"column":0},"end":{"line":null,"column":-1}},"4":{"start":{"line":48,"column":8},"end":{"line":48,"column":2}},"5":{"start":{"line":49,"column":18},"end":{"line":49,"column":39}},"6":{"start":{"line":50,"column":18},"end":{"line":50,"column":2}},"7":{"start":{"line":53,"column":8},"end":{"line":53,"column":21}},"8":{"start":{"line":56,"column":8},"end":{"line":53,"column":2}},"9":{"start":{"line":57,"column":24},"end":{"line":57,"column":38}},"10":{"start":{"line":57,"column":38},"end":{"line":null,"column":-1}},"11":{"start":{"line":58,"column":10},"end":{"line":65,"column":8}},"12":{"start":{"line":57,"column":8},"end":{"line":59,"column":15}},"13":{"start":{"line":61,"column":12},"end":{"line":63,"column":10}},"14":{"start":{"line":60,"column":10},"end":{"line":null,"column":-1}},"15":{"start":{"line":64,"column":9},"end":{"line":null,"column":-1}},"16":{"start":{"line":54,"column":4},"end":{"line":67,"column":13}},"17":{"start":{"line":54,"column":4},"end":{"line":null,"column":-1}},"18":{"start":{"line":73,"column":4},"end":{"line":106,"column":1}},"19":{"start":{"line":84,"column":8},"end":{"line":72,"column":2}},"20":{"start":{"line":86,"column":10},"end":{"line":null,"column":-1}},"21":{"start":{"line":87,"column":9},"end":{"line":null,"column":-1}},"22":{"start":{"line":92,"column":17},"end":{"line":92,"column":41}},"23":{"start":{"line":93,"column":14},"end":{"line":95,"column":12}},"24":{"start":{"line":94,"column":13},"end":{"line":null,"column":-1}},"25":{"start":{"line":89,"column":8},"end":{"line":null,"column":-1}},"26":{"start":{"line":100,"column":8},"end":{"line":100,"column":12}},"27":{"start":{"line":101,"column":10},"end":{"line":73,"column":4}},"28":{"start":{"line":102,"column":9},"end":{"line":null,"column":-1}},"29":{"start":{"line":110,"column":1},"end":{"line":null,"column":-1}}},"fnMap":{"0":{"name":"(anonymous_2)","decl":{"start":{"line":56,"column":28},"end":{"line":56,"column":35}},"loc":{"start":{"line":56,"column":43},"end":{"line":68,"column":8}}},"1":{"name":"(anonymous_3)","decl":{"start":{"line":57,"column":38},"end":{"line":null,"column":-1}},"loc":{"start":{"line":57,"column":38},"end":{"line":null,"column":-1}}},"2":{"name":"(anonymous_4)","decl":{"start":{"line":61,"column":12},"end":{"line":null,"column":-1}},"loc":{"start":{"line":61,"column":12},"end":{"line":63,"column":10}}},"3":{"name":"(anonymous_5)","decl":{"start":{"line":68,"column":8},"end":{"line":68,"column":16}},"loc":{"start":{"line":68,"column":16},"end":{"line":53,"column":2}}},"4":{"name":"(anonymous_6)","decl":{"start":{"line":73,"column":4},"end":{"line":75,"column":5}},"loc":{"start":{"line":76,"column":8},"end":{"line":106,"column":1}}},"5":{"name":"(anonymous_7)","decl":{"start":{"line":84,"column":17},"end":{"line":null,"column":-1}},"loc":{"start":{"line":84,"column":17},"end":{"line":72,"column":2}}}},"branchMap":{"0":{"loc":{"start":{"line":12,"column":5},"end":{"line":13,"column":7}},"type":"default-arg","locations":[{"start":{"line":12,"column":5},"end":{"line":13,"column":7}}]},"1":{"loc":{"start":{"line":42,"column":2},"end":{"line":null,"column":-1}},"type":"default-arg","locations":[{"start":{"line":42,"column":2},"end":{"line":null,"column":-1}}]},"2":{"loc":{"start":{"line":48,"column":26},"end":{"line":48,"column":2}},"type":"cond-expr","locations":[{"start":{"line":48,"column":26},"end":{"line":48,"column":2}},{"start":{"line":48,"column":2},"end":{"line":null,"column":-1}}]},"3":{"loc":{"start":{"line":50,"column":2},"end":{"line":null,"column":-1}},"type":"cond-expr","locations":[{"start":{"line":50,"column":2},"end":{"line":null,"column":-1}},{"start":{"line":50,"column":2},"end":{"line":null,"column":-1}}]},"4":{"loc":{"start":{"line":58,"column":10},"end":{"line":65,"column":8}},"type":"if","locations":[{"start":{"line":58,"column":10},"end":{"line":65,"column":8}},{"start":{"line":58,"column":10},"end":{"line":65,"column":8}}]},"5":{"loc":{"start":{"line":93,"column":14},"end":{"line":95,"column":12}},"type":"if","locations":[{"start":{"line":93,"column":14},"end":{"line":95,"column":12}},{"start":{"line":93,"column":14},"end":{"line":95,"column":12}}]},"6":{"loc":{"start":{"line":101,"column":10},"end":{"line":73,"column":4}},"type":"if","locations":[{"start":{"line":101,"column":10},"end":{"line":73,"column":4}},{"start":{"line":101,"column":10},"end":{"line":73,"column":4}}]}},"s":{"0":0,"1":0,"2":0,"3":0,"4":0,"5":0,"6":0,"7":0,"8":0,"9":0,"10":0,"11":0,"12":0,"13":0,"14":0,"15":0,"16":0,"17":0,"18":0,"19":0,"20":0,"21":0,"22":0,"23":0,"24":0,"25":0,"26":0,"27":0,"28":0,"29":0},"f":{"0":0,"1":0,"2":0,"3":0,"4":0,"5":0},"b":{"0":[0],"1":[0],"2":[0,0],"3":[0,0],"4":[0,0],"5":[0,0],"6":[0,0]}}
}
